2022-07-07 17:44:09,837 INFO  Main:25 - Начало скачек. Количество участников: 7
2022-07-07 17:44:31,856 INFO  Main:25 - РќР°С‡Р°Р»Рѕ СЃРєР°С‡РµРє. РљРѕР»РёС‡РµСЃС‚РІРѕ СѓС‡Р°СЃС‚РЅРёРєРѕРІ: 7
2022-07-07 17:50:08,804 INFO  Main:25 - Начало скачек. Количество участников: 7
2022-07-07 17:50:22,46 INFO  Main:25 - Начало скачек. Количество участников: 7
2022-07-07 17:50:42,305 INFO  Main:35 - Окончание скачек. Победитель: Вишня
2022-07-07 17:55:40,330 ERROR Hippodrome:17 - Horses list is null
2022-07-07 17:56:22,639 ERROR Hippodrome:20 - Horses list is empty
2022-07-07 17:56:54,412 INFO  Main:27 - Начало скачек. Количество участников: 7
2022-07-07 17:57:14,685 INFO  Main:37 - Окончание скачек. Победитель: Вишня
2022-07-07 17:58:04,579 DEBUG Hippodrome:25 - Создание Hippodrome, лошадей [7]
2022-07-07 17:58:04,580 INFO  Main:27 - Начало скачек. Количество участников: 7
2022-07-07 17:58:24,848 INFO  Main:37 - Окончание скачек. Победитель: Вишня
2022-07-07 17:59:03,766 DEBUG Hippodrome:25 - Создание Hippodrome, лошадей [7]
2022-07-07 17:59:03,766 INFO  Main:27 - Начало скачек. Количество участников: 7
2022-07-07 17:59:24,18 INFO  Main:37 - Окончание скачек. Победитель: Вишня
2022-07-07 18:01:23,418 DEBUG Hippodrome:24 - Создание Hippodrome, лошадей [7]
2022-07-07 18:01:23,419 INFO  Main:27 - Начало скачек. Количество участников: 7
2022-07-07 18:01:43,698 INFO  Main:37 - Окончание скачек. Победитель: Пегас
2022-07-07 18:07:22,478 DEBUG Horse:32 - Создание Horse, имя [%s], скорость [%s]
2022-07-07 18:07:22,480 DEBUG Horse:32 - Создание Horse, имя [%s], скорость [%s]
2022-07-07 18:07:22,481 DEBUG Horse:32 - Создание Horse, имя [%s], скорость [%s]
2022-07-07 18:07:22,481 DEBUG Horse:32 - Создание Horse, имя [%s], скорость [%s]
2022-07-07 18:07:22,481 DEBUG Horse:32 - Создание Horse, имя [%s], скорость [%s]
2022-07-07 18:07:22,481 DEBUG Horse:32 - Создание Horse, имя [%s], скорость [%s]
2022-07-07 18:07:22,481 DEBUG Horse:32 - Создание Horse, имя [%s], скорость [%s]
2022-07-07 18:07:22,485 DEBUG Hippodrome:24 - Создание Hippodrome, лошадей [7]
2022-07-07 18:07:22,486 INFO  Main:27 - Начало скачек. Количество участников: 7
2022-07-07 18:07:42,781 INFO  Main:37 - Окончание скачек. Победитель: Вишня
2022-07-07 18:08:24,998 DEBUG Horse:32 - Создание Horse, имя [Буцефал], скорость [2.4]
2022-07-07 18:08:24,999 DEBUG Horse:32 - Создание Horse, имя [Туз Пик], скорость [2.5]
2022-07-07 18:08:25,0 DEBUG Horse:32 - Создание Horse, имя [Зефир], скорость [2.6]
2022-07-07 18:08:25,0 DEBUG Horse:32 - Создание Horse, имя [Пожар], скорость [2.7]
2022-07-07 18:08:25,0 DEBUG Horse:32 - Создание Horse, имя [Лобстер], скорость [2.8]
2022-07-07 18:08:25,0 DEBUG Horse:32 - Создание Horse, имя [Пегас], скорость [2.9]
2022-07-07 18:08:25,0 DEBUG Horse:32 - Создание Horse, имя [Вишня], скорость [3.0]
2022-07-07 18:08:25,4 DEBUG Hippodrome:24 - Создание Hippodrome, лошадей [7]
2022-07-07 18:08:25,4 INFO  Main:27 - Начало скачек. Количество участников: 7
2022-07-07 18:08:45,289 INFO  Main:37 - Окончание скачек. Победитель: Пегас
2022-07-07 18:11:28,805 DEBUG Horse:32 - Создание Horse, имя [Буцефал], скорость [2.4]
2022-07-07 18:11:28,806 DEBUG Horse:32 - Создание Horse, имя [Туз Пик], скорость [2.5]
2022-07-07 18:11:28,806 DEBUG Horse:32 - Создание Horse, имя [Зефир], скорость [2.6]
2022-07-07 18:11:28,806 DEBUG Horse:32 - Создание Horse, имя [Пожар], скорость [2.7]
2022-07-07 18:11:28,806 DEBUG Horse:32 - Создание Horse, имя [Лобстер], скорость [2.8]
2022-07-07 18:11:28,806 DEBUG Horse:32 - Создание Horse, имя [Пегас], скорость [2.9]
2022-07-07 18:11:28,806 DEBUG Horse:32 - Создание Horse, имя [Вишня], скорость [3.0]
2022-07-07 18:11:28,807 DEBUG Hippodrome:24 - Создание Hippodrome, лошадей [7]
2022-07-07 18:11:28,807 INFO  Main:27 - Начало скачек. Количество участников: 7
2022-07-07 18:11:49,70 INFO  Main:37 - Окончание скачек. Победитель: Вишня
